2026-03-18 08:17:53 [ERROR] C:\Users\USER\PycharmProjects\pythonProject4_NewsPaper\venv\Lib\site-packages\django\utils\log.py:253
Internal Server Error: /
(<class 'redis.exceptions.ConnectionError'>, network:ConnectionError, <traceback object at 0x000001E67B198A40>)
Traceback (most recent call last):
  File "C:\Users\USER\PycharmProjects\pythonProject4_NewsPaper\venv\Lib\site-packages\django_redis\cache.py", line 29, in _decorator
    return method(self, *args, **kwargs)
  File "C:\Users\USER\PycharmProjects\pythonProject4_NewsPaper\venv\Lib\site-packages\django_redis\cache.py", line 99, in _get
    return self.client.get(key, default=default, version=version, client=client)
           ~~~~~~~~~~~~~~~^^^^^^^^^^^^^^^^^^^^^^^^^^^^^^^^^^^^^^^^^^^^^^^^^^^^^^
  File "C:\Users\USER\PycharmProjects\pythonProject4_NewsPaper\venv\Lib\site-packages\django_redis\client\default.py", line 300, in get
    raise ConnectionInterrupted(connection=client) from e
django_redis.exceptions.ConnectionInterrupted: Redis ConnectionError: Error 10061 connecting to localhost:6379. Подключение не установлено, т.к. конечный компьютер отверг запрос на подключение.

During handling of the above exception, another exception occurred:

Traceback (most recent call last):
  File "C:\Users\USER\PycharmProjects\pythonProject4_NewsPaper\venv\Lib\site-packages\django\core\handlers\exception.py", line 55, in inner
    response = get_response(request)
  File "C:\Users\USER\PycharmProjects\pythonProject4_NewsPaper\venv\Lib\site-packages\django\core\handlers\base.py", line 197, in _get_response
    response = wrapped_callback(request, *callback_args, **callback_kwargs)
  File "C:\Users\USER\PycharmProjects\pythonProject4_NewsPaper\venv\Lib\site-packages\django\utils\decorators.py", line 185, in _view_wrapper
    result = _pre_process_request(request, *args, **kwargs)
  File "C:\Users\USER\PycharmProjects\pythonProject4_NewsPaper\venv\Lib\site-packages\django\utils\decorators.py", line 131, in _pre_process_request
    result = middleware.process_request(request)
  File "C:\Users\USER\PycharmProjects\pythonProject4_NewsPaper\venv\Lib\site-packages\django\middleware\cache.py", line 161, in process_request
    cache_key = get_cache_key(request, self.key_prefix, "GET", cache=self.cache)
  File "C:\Users\USER\PycharmProjects\pythonProject4_NewsPaper\venv\Lib\site-packages\django\utils\cache.py", line 392, in get_cache_key
    headerlist = cache.get(cache_key)
  File "C:\Users\USER\PycharmProjects\pythonProject4_NewsPaper\venv\Lib\site-packages\django_redis\cache.py", line 92, in get
    value = self._get(key, default, version, client)
  File "C:\Users\USER\PycharmProjects\pythonProject4_NewsPaper\venv\Lib\site-packages\django_redis\cache.py", line 36, in _decorator
    raise e.__cause__  # noqa: B904
    ^^^^^^^^^^^^^^^^^
  File "C:\Users\USER\PycharmProjects\pythonProject4_NewsPaper\venv\Lib\site-packages\django_redis\client\default.py", line 298, in get
    value = client.get(key)
  File "C:\Users\USER\PycharmProjects\pythonProject4_NewsPaper\venv\Lib\site-packages\redis\commands\core.py", line 2069, in get
    return self.execute_command("GET", name, keys=[name])
           ~~~~~~~~~~~~~~~~~~~~^^^^^^^^^^^^^^^^^^^^^^^^^^
  File "C:\Users\USER\PycharmProjects\pythonProject4_NewsPaper\venv\Lib\site-packages\redis\client.py", line 716, in execute_command
    return self._execute_command(*args, **options)
           ~~~~~~~~~~~~~~~~~~~~~^^^^^^^^^^^^^^^^^^
  File "C:\Users\USER\PycharmProjects\pythonProject4_NewsPaper\venv\Lib\site-packages\redis\client.py", line 722, in _execute_command
    conn = self.connection or pool.get_connection()
                              ~~~~~~~~~~~~~~~~~~~^^
  File "C:\Users\USER\PycharmProjects\pythonProject4_NewsPaper\venv\Lib\site-packages\redis\utils.py", line 236, in wrapper
    return func(*args, **kwargs)
  File "C:\Users\USER\PycharmProjects\pythonProject4_NewsPaper\venv\Lib\site-packages\redis\connection.py", line 2958, in get_connection
    connection.connect()
    ~~~~~~~~~~~~~~~~~~^^
  File "C:\Users\USER\PycharmProjects\pythonProject4_NewsPaper\venv\Lib\site-packages\redis\connection.py", line 976, in connect
    self.retry.call_with_retry(
    ~~~~~~~~~~~~~~~~~~~~~~~~~~^
        lambda: self.connect_check_health(
        ^^^^^^^^^^^^^^^^^^^^^^^^^^^^^^^^^^
    ...<2 lines>...
        lambda error: self.disconnect(error),
        ^^^^^^^^^^^^^^^^^^^^^^^^^^^^^^^^^^^^^
    )
    ^
  File "C:\Users\USER\PycharmProjects\pythonProject4_NewsPaper\venv\Lib\site-packages\redis\retry.py", line 132, in call_with_retry
    raise error
  File "C:\Users\USER\PycharmProjects\pythonProject4_NewsPaper\venv\Lib\site-packages\redis\retry.py", line 120, in call_with_retry
    return do()
  File "C:\Users\USER\PycharmProjects\pythonProject4_NewsPaper\venv\Lib\site-packages\redis\connection.py", line 977, in <lambda>
    lambda: self.connect_check_health(
            ~~~~~~~~~~~~~~~~~~~~~~~~~^
        check_health=True, retry_socket_connect=False
        ^^^^^^^^^^^^^^^^^^^^^^^^^^^^^^^^^^^^^^^^^^^^^
    ),
    ^
  File "C:\Users\USER\PycharmProjects\pythonProject4_NewsPaper\venv\Lib\site-packages\redis\connection.py", line 1022, in connect_check_health
    raise e
redis.exceptions.ConnectionError: Error 10061 connecting to localhost:6379. Подключение не установлено, т.к. конечный компьютер отверг запрос на подключение.
2026-03-18 08:17:53 [ERROR] C:\Users\USER\PycharmProjects\pythonProject4_NewsPaper\venv\Lib\site-packages\django\core\servers\basehttp.py:213
"GET / HTTP/1.1" 500 168873
None
2026-03-18 14:20:48 [ERROR] C:\Users\USER\PycharmProjects\pythonProject4_NewsPaper\venv\Lib\site-packages\django\utils\log.py:253
Internal Server Error: /
(<class 'django.template.exceptions.TemplateSyntaxError'>, TemplateSyntaxError("Invalid block tag on line 73: 'else', expected 'empty' or 'endfor'. Did you forget to register or load this tag?"), <traceback object at 0x000002A3CE1B3180>)
Traceback (most recent call last):
  File "C:\Users\USER\PycharmProjects\pythonProject4_NewsPaper\venv\Lib\site-packages\django\template\base.py", line 510, in parse
    compile_func = self.tags[command]
                   ~~~~~~~~~^^^^^^^^^
KeyError: 'else'

During handling of the above exception, another exception occurred:

Traceback (most recent call last):
  File "C:\Users\USER\PycharmProjects\pythonProject4_NewsPaper\venv\Lib\site-packages\django\core\handlers\exception.py", line 55, in inner
    response = get_response(request)
  File "C:\Users\USER\PycharmProjects\pythonProject4_NewsPaper\venv\Lib\site-packages\django\core\handlers\base.py", line 220, in _get_response
    response = response.render()
  File "C:\Users\USER\PycharmProjects\pythonProject4_NewsPaper\venv\Lib\site-packages\django\template\response.py", line 114, in render
    self.content = self.rendered_content
                   ^^^^^^^^^^^^^^^^^^^^^
  File "C:\Users\USER\PycharmProjects\pythonProject4_NewsPaper\venv\Lib\site-packages\django\template\response.py", line 90, in rendered_content
    template = self.resolve_template(self.template_name)
  File "C:\Users\USER\PycharmProjects\pythonProject4_NewsPaper\venv\Lib\site-packages\django\template\response.py", line 72, in resolve_template
    return select_template(template, using=self.using)
  File "C:\Users\USER\PycharmProjects\pythonProject4_NewsPaper\venv\Lib\site-packages\django\template\loader.py", line 42, in select_template
    return engine.get_template(template_name)
           ~~~~~~~~~~~~~~~~~~~^^^^^^^^^^^^^^^
  File "C:\Users\USER\PycharmProjects\pythonProject4_NewsPaper\venv\Lib\site-packages\django\template\backends\django.py", line 79, in get_template
    return Template(self.engine.get_template(template_name), self)
                    ~~~~~~~~~~~~~~~~~~~~~~~~^^^^^^^^^^^^^^^
  File "C:\Users\USER\PycharmProjects\pythonProject4_NewsPaper\venv\Lib\site-packages\django\template\engine.py", line 177, in get_template
    template, origin = self.find_template(template_name)
                       ~~~~~~~~~~~~~~~~~~^^^^^^^^^^^^^^^
  File "C:\Users\USER\PycharmProjects\pythonProject4_NewsPaper\venv\Lib\site-packages\django\template\engine.py", line 159, in find_template
    template = loader.get_template(name, skip=skip)
  File "C:\Users\USER\PycharmProjects\pythonProject4_NewsPaper\venv\Lib\site-packages\django\template\loaders\cached.py", line 57, in get_template
    template = super().get_template(template_name, skip)
  File "C:\Users\USER\PycharmProjects\pythonProject4_NewsPaper\venv\Lib\site-packages\django\template\loaders\base.py", line 28, in get_template
    return Template(
        contents,
    ...<2 lines>...
        self.engine,
    )
  File "C:\Users\USER\PycharmProjects\pythonProject4_NewsPaper\venv\Lib\site-packages\django\template\base.py", line 154, in __init__
    self.nodelist = self.compile_nodelist()
                    ~~~~~~~~~~~~~~~~~~~~~^^
  File "C:\Users\USER\PycharmProjects\pythonProject4_NewsPaper\venv\Lib\site-packages\django\template\base.py", line 196, in compile_nodelist
    nodelist = parser.parse()
  File "C:\Users\USER\PycharmProjects\pythonProject4_NewsPaper\venv\Lib\site-packages\django\template\base.py", line 518, in parse
    raise self.error(token, e)
  File "C:\Users\USER\PycharmProjects\pythonProject4_NewsPaper\venv\Lib\site-packages\django\template\base.py", line 516, in parse
    compiled_result = compile_func(self, token)
  File "C:\Users\USER\PycharmProjects\pythonProject4_NewsPaper\venv\Lib\site-packages\django\template\loader_tags.py", line 299, in do_extends
    nodelist = parser.parse()
  File "C:\Users\USER\PycharmProjects\pythonProject4_NewsPaper\venv\Lib\site-packages\django\template\base.py", line 518, in parse
    raise self.error(token, e)
  File "C:\Users\USER\PycharmProjects\pythonProject4_NewsPaper\venv\Lib\site-packages\django\template\base.py", line 516, in parse
    compiled_result = compile_func(self, token)
  File "C:\Users\USER\PycharmProjects\pythonProject4_NewsPaper\venv\Lib\site-packages\django\template\loader_tags.py", line 234, in do_block
    nodelist = parser.parse(("endblock",))
  File "C:\Users\USER\PycharmProjects\pythonProject4_NewsPaper\venv\Lib\site-packages\django\template\base.py", line 518, in parse
    raise self.error(token, e)
  File "C:\Users\USER\PycharmProjects\pythonProject4_NewsPaper\venv\Lib\site-packages\django\template\base.py", line 516, in parse
    compiled_result = compile_func(self, token)
  File "C:\Users\USER\PycharmProjects\pythonProject4_NewsPaper\venv\Lib\site-packages\django\template\defaulttags.py", line 962, in do_if
    nodelist = parser.parse(("elif", "else", "endif"))
  File "C:\Users\USER\PycharmProjects\pythonProject4_NewsPaper\venv\Lib\site-packages\django\template\base.py", line 518, in parse
    raise self.error(token, e)
  File "C:\Users\USER\PycharmProjects\pythonProject4_NewsPaper\venv\Lib\site-packages\django\template\base.py", line 516, in parse
    compiled_result = compile_func(self, token)
  File "C:\Users\USER\PycharmProjects\pythonProject4_NewsPaper\venv\Lib\site-packages\django\template\defaulttags.py", line 862, in do_for
    nodelist_loop = parser.parse(
        (
    ...<2 lines>...
        )
    )
  File "C:\Users\USER\PycharmProjects\pythonProject4_NewsPaper\venv\Lib\site-packages\django\template\base.py", line 512, in parse
    self.invalid_block_tag(token, command, parse_until)
    ~~~~~~~~~~~~~~~~~~~~~~^^^^^^^^^^^^^^^^^^^^^^^^^^^^^
  File "C:\Users\USER\PycharmProjects\pythonProject4_NewsPaper\venv\Lib\site-packages\django\template\base.py", line 567, in invalid_block_tag
    raise self.error(
    ...<8 lines>...
    )
django.template.exceptions.TemplateSyntaxError: Invalid block tag on line 73: 'else', expected 'empty' or 'endfor'. Did you forget to register or load this tag?
2026-03-18 14:20:48 [ERROR] C:\Users\USER\PycharmProjects\pythonProject4_NewsPaper\venv\Lib\site-packages\django\core\servers\basehttp.py:213
"GET / HTTP/1.1" 500 264869
None
2026-03-18 14:29:49 [ERROR] C:\Users\USER\PycharmProjects\pythonProject4_NewsPaper\venv\Lib\site-packages\django\utils\log.py:253
Internal Server Error: /
(<class 'django.template.exceptions.TemplateSyntaxError'>, TemplateSyntaxError("Invalid block tag on line 73: 'else', expected 'empty' or 'endfor'. Did you forget to register or load this tag?"), <traceback object at 0x000001DECFF14980>)
Traceback (most recent call last):
  File "C:\Users\USER\PycharmProjects\pythonProject4_NewsPaper\venv\Lib\site-packages\django\template\base.py", line 510, in parse
    compile_func = self.tags[command]
                   ~~~~~~~~~^^^^^^^^^
KeyError: 'else'

During handling of the above exception, another exception occurred:

Traceback (most recent call last):
  File "C:\Users\USER\PycharmProjects\pythonProject4_NewsPaper\venv\Lib\site-packages\django\core\handlers\exception.py", line 55, in inner
    response = get_response(request)
  File "C:\Users\USER\PycharmProjects\pythonProject4_NewsPaper\venv\Lib\site-packages\django\core\handlers\base.py", line 220, in _get_response
    response = response.render()
  File "C:\Users\USER\PycharmProjects\pythonProject4_NewsPaper\venv\Lib\site-packages\django\template\response.py", line 114, in render
    self.content = self.rendered_content
                   ^^^^^^^^^^^^^^^^^^^^^
  File "C:\Users\USER\PycharmProjects\pythonProject4_NewsPaper\venv\Lib\site-packages\django\template\response.py", line 90, in rendered_content
    template = self.resolve_template(self.template_name)
  File "C:\Users\USER\PycharmProjects\pythonProject4_NewsPaper\venv\Lib\site-packages\django\template\response.py", line 72, in resolve_template
    return select_template(template, using=self.using)
  File "C:\Users\USER\PycharmProjects\pythonProject4_NewsPaper\venv\Lib\site-packages\django\template\loader.py", line 42, in select_template
    return engine.get_template(template_name)
           ~~~~~~~~~~~~~~~~~~~^^^^^^^^^^^^^^^
  File "C:\Users\USER\PycharmProjects\pythonProject4_NewsPaper\venv\Lib\site-packages\django\template\backends\django.py", line 79, in get_template
    return Template(self.engine.get_template(template_name), self)
                    ~~~~~~~~~~~~~~~~~~~~~~~~^^^^^^^^^^^^^^^
  File "C:\Users\USER\PycharmProjects\pythonProject4_NewsPaper\venv\Lib\site-packages\django\template\engine.py", line 177, in get_template
    template, origin = self.find_template(template_name)
                       ~~~~~~~~~~~~~~~~~~^^^^^^^^^^^^^^^
  File "C:\Users\USER\PycharmProjects\pythonProject4_NewsPaper\venv\Lib\site-packages\django\template\engine.py", line 159, in find_template
    template = loader.get_template(name, skip=skip)
  File "C:\Users\USER\PycharmProjects\pythonProject4_NewsPaper\venv\Lib\site-packages\django\template\loaders\cached.py", line 57, in get_template
    template = super().get_template(template_name, skip)
  File "C:\Users\USER\PycharmProjects\pythonProject4_NewsPaper\venv\Lib\site-packages\django\template\loaders\base.py", line 28, in get_template
    return Template(
        contents,
    ...<2 lines>...
        self.engine,
    )
  File "C:\Users\USER\PycharmProjects\pythonProject4_NewsPaper\venv\Lib\site-packages\django\template\base.py", line 154, in __init__
    self.nodelist = self.compile_nodelist()
                    ~~~~~~~~~~~~~~~~~~~~~^^
  File "C:\Users\USER\PycharmProjects\pythonProject4_NewsPaper\venv\Lib\site-packages\django\template\base.py", line 196, in compile_nodelist
    nodelist = parser.parse()
  File "C:\Users\USER\PycharmProjects\pythonProject4_NewsPaper\venv\Lib\site-packages\django\template\base.py", line 518, in parse
    raise self.error(token, e)
  File "C:\Users\USER\PycharmProjects\pythonProject4_NewsPaper\venv\Lib\site-packages\django\template\base.py", line 516, in parse
    compiled_result = compile_func(self, token)
  File "C:\Users\USER\PycharmProjects\pythonProject4_NewsPaper\venv\Lib\site-packages\django\template\loader_tags.py", line 299, in do_extends
    nodelist = parser.parse()
  File "C:\Users\USER\PycharmProjects\pythonProject4_NewsPaper\venv\Lib\site-packages\django\template\base.py", line 518, in parse
    raise self.error(token, e)
  File "C:\Users\USER\PycharmProjects\pythonProject4_NewsPaper\venv\Lib\site-packages\django\template\base.py", line 516, in parse
    compiled_result = compile_func(self, token)
  File "C:\Users\USER\PycharmProjects\pythonProject4_NewsPaper\venv\Lib\site-packages\django\template\loader_tags.py", line 234, in do_block
    nodelist = parser.parse(("endblock",))
  File "C:\Users\USER\PycharmProjects\pythonProject4_NewsPaper\venv\Lib\site-packages\django\template\base.py", line 518, in parse
    raise self.error(token, e)
  File "C:\Users\USER\PycharmProjects\pythonProject4_NewsPaper\venv\Lib\site-packages\django\template\base.py", line 516, in parse
    compiled_result = compile_func(self, token)
  File "C:\Users\USER\PycharmProjects\pythonProject4_NewsPaper\venv\Lib\site-packages\django\template\defaulttags.py", line 962, in do_if
    nodelist = parser.parse(("elif", "else", "endif"))
  File "C:\Users\USER\PycharmProjects\pythonProject4_NewsPaper\venv\Lib\site-packages\django\template\base.py", line 518, in parse
    raise self.error(token, e)
  File "C:\Users\USER\PycharmProjects\pythonProject4_NewsPaper\venv\Lib\site-packages\django\template\base.py", line 516, in parse
    compiled_result = compile_func(self, token)
  File "C:\Users\USER\PycharmProjects\pythonProject4_NewsPaper\venv\Lib\site-packages\django\template\defaulttags.py", line 862, in do_for
    nodelist_loop = parser.parse(
        (
    ...<2 lines>...
        )
    )
  File "C:\Users\USER\PycharmProjects\pythonProject4_NewsPaper\venv\Lib\site-packages\django\template\base.py", line 512, in parse
    self.invalid_block_tag(token, command, parse_until)
    ~~~~~~~~~~~~~~~~~~~~~~^^^^^^^^^^^^^^^^^^^^^^^^^^^^^
  File "C:\Users\USER\PycharmProjects\pythonProject4_NewsPaper\venv\Lib\site-packages\django\template\base.py", line 567, in invalid_block_tag
    raise self.error(
    ...<8 lines>...
    )
django.template.exceptions.TemplateSyntaxError: Invalid block tag on line 73: 'else', expected 'empty' or 'endfor'. Did you forget to register or load this tag?
2026-03-18 14:29:49 [ERROR] C:\Users\USER\PycharmProjects\pythonProject4_NewsPaper\venv\Lib\site-packages\django\core\servers\basehttp.py:213
"GET / HTTP/1.1" 500 145
None
2026-03-18 14:37:16 [ERROR] C:\Users\USER\PycharmProjects\pythonProject4_NewsPaper\venv\Lib\site-packages\django\utils\log.py:253
Internal Server Error: /
(<class 'django.template.exceptions.TemplateSyntaxError'>, TemplateSyntaxError("Invalid block tag on line 73: 'else', expected 'empty' or 'endfor'. Did you forget to register or load this tag?"), <traceback object at 0x0000025CC6CAB6C0>)
Traceback (most recent call last):
  File "C:\Users\USER\PycharmProjects\pythonProject4_NewsPaper\venv\Lib\site-packages\django\template\base.py", line 510, in parse
    compile_func = self.tags[command]
                   ~~~~~~~~~^^^^^^^^^
KeyError: 'else'

During handling of the above exception, another exception occurred:

Traceback (most recent call last):
  File "C:\Users\USER\PycharmProjects\pythonProject4_NewsPaper\venv\Lib\site-packages\django\core\handlers\exception.py", line 55, in inner
    response = get_response(request)
  File "C:\Users\USER\PycharmProjects\pythonProject4_NewsPaper\venv\Lib\site-packages\django\core\handlers\base.py", line 220, in _get_response
    response = response.render()
  File "C:\Users\USER\PycharmProjects\pythonProject4_NewsPaper\venv\Lib\site-packages\django\template\response.py", line 114, in render
    self.content = self.rendered_content
                   ^^^^^^^^^^^^^^^^^^^^^
  File "C:\Users\USER\PycharmProjects\pythonProject4_NewsPaper\venv\Lib\site-packages\django\template\response.py", line 90, in rendered_content
    template = self.resolve_template(self.template_name)
  File "C:\Users\USER\PycharmProjects\pythonProject4_NewsPaper\venv\Lib\site-packages\django\template\response.py", line 72, in resolve_template
    return select_template(template, using=self.using)
  File "C:\Users\USER\PycharmProjects\pythonProject4_NewsPaper\venv\Lib\site-packages\django\template\loader.py", line 42, in select_template
    return engine.get_template(template_name)
           ~~~~~~~~~~~~~~~~~~~^^^^^^^^^^^^^^^
  File "C:\Users\USER\PycharmProjects\pythonProject4_NewsPaper\venv\Lib\site-packages\django\template\backends\django.py", line 79, in get_template
    return Template(self.engine.get_template(template_name), self)
                    ~~~~~~~~~~~~~~~~~~~~~~~~^^^^^^^^^^^^^^^
  File "C:\Users\USER\PycharmProjects\pythonProject4_NewsPaper\venv\Lib\site-packages\django\template\engine.py", line 177, in get_template
    template, origin = self.find_template(template_name)
                       ~~~~~~~~~~~~~~~~~~^^^^^^^^^^^^^^^
  File "C:\Users\USER\PycharmProjects\pythonProject4_NewsPaper\venv\Lib\site-packages\django\template\engine.py", line 159, in find_template
    template = loader.get_template(name, skip=skip)
  File "C:\Users\USER\PycharmProjects\pythonProject4_NewsPaper\venv\Lib\site-packages\django\template\loaders\cached.py", line 57, in get_template
    template = super().get_template(template_name, skip)
  File "C:\Users\USER\PycharmProjects\pythonProject4_NewsPaper\venv\Lib\site-packages\django\template\loaders\base.py", line 28, in get_template
    return Template(
        contents,
    ...<2 lines>...
        self.engine,
    )
  File "C:\Users\USER\PycharmProjects\pythonProject4_NewsPaper\venv\Lib\site-packages\django\template\base.py", line 154, in __init__
    self.nodelist = self.compile_nodelist()
                    ~~~~~~~~~~~~~~~~~~~~~^^
  File "C:\Users\USER\PycharmProjects\pythonProject4_NewsPaper\venv\Lib\site-packages\django\template\base.py", line 196, in compile_nodelist
    nodelist = parser.parse()
  File "C:\Users\USER\PycharmProjects\pythonProject4_NewsPaper\venv\Lib\site-packages\django\template\base.py", line 518, in parse
    raise self.error(token, e)
  File "C:\Users\USER\PycharmProjects\pythonProject4_NewsPaper\venv\Lib\site-packages\django\template\base.py", line 516, in parse
    compiled_result = compile_func(self, token)
  File "C:\Users\USER\PycharmProjects\pythonProject4_NewsPaper\venv\Lib\site-packages\django\template\loader_tags.py", line 299, in do_extends
    nodelist = parser.parse()
  File "C:\Users\USER\PycharmProjects\pythonProject4_NewsPaper\venv\Lib\site-packages\django\template\base.py", line 518, in parse
    raise self.error(token, e)
  File "C:\Users\USER\PycharmProjects\pythonProject4_NewsPaper\venv\Lib\site-packages\django\template\base.py", line 516, in parse
    compiled_result = compile_func(self, token)
  File "C:\Users\USER\PycharmProjects\pythonProject4_NewsPaper\venv\Lib\site-packages\django\template\loader_tags.py", line 234, in do_block
    nodelist = parser.parse(("endblock",))
  File "C:\Users\USER\PycharmProjects\pythonProject4_NewsPaper\venv\Lib\site-packages\django\template\base.py", line 518, in parse
    raise self.error(token, e)
  File "C:\Users\USER\PycharmProjects\pythonProject4_NewsPaper\venv\Lib\site-packages\django\template\base.py", line 516, in parse
    compiled_result = compile_func(self, token)
  File "C:\Users\USER\PycharmProjects\pythonProject4_NewsPaper\venv\Lib\site-packages\django\template\defaulttags.py", line 962, in do_if
    nodelist = parser.parse(("elif", "else", "endif"))
  File "C:\Users\USER\PycharmProjects\pythonProject4_NewsPaper\venv\Lib\site-packages\django\template\base.py", line 518, in parse
    raise self.error(token, e)
  File "C:\Users\USER\PycharmProjects\pythonProject4_NewsPaper\venv\Lib\site-packages\django\template\base.py", line 516, in parse
    compiled_result = compile_func(self, token)
  File "C:\Users\USER\PycharmProjects\pythonProject4_NewsPaper\venv\Lib\site-packages\django\template\defaulttags.py", line 862, in do_for
    nodelist_loop = parser.parse(
        (
    ...<2 lines>...
        )
    )
  File "C:\Users\USER\PycharmProjects\pythonProject4_NewsPaper\venv\Lib\site-packages\django\template\base.py", line 512, in parse
    self.invalid_block_tag(token, command, parse_until)
    ~~~~~~~~~~~~~~~~~~~~~~^^^^^^^^^^^^^^^^^^^^^^^^^^^^^
  File "C:\Users\USER\PycharmProjects\pythonProject4_NewsPaper\venv\Lib\site-packages\django\template\base.py", line 567, in invalid_block_tag
    raise self.error(
    ...<8 lines>...
    )
django.template.exceptions.TemplateSyntaxError: Invalid block tag on line 73: 'else', expected 'empty' or 'endfor'. Did you forget to register or load this tag?
2026-03-18 14:37:17 [ERROR] C:\Users\USER\PycharmProjects\pythonProject4_NewsPaper\venv\Lib\site-packages\django\core\servers\basehttp.py:213
"GET / HTTP/1.1" 500 145
None
2026-03-18 14:37:20 [ERROR] C:\Users\USER\PycharmProjects\pythonProject4_NewsPaper\venv\Lib\site-packages\django\utils\log.py:253
Internal Server Error: /
(<class 'django.template.exceptions.TemplateSyntaxError'>, TemplateSyntaxError("Invalid block tag on line 73: 'else', expected 'empty' or 'endfor'. Did you forget to register or load this tag?"), <traceback object at 0x0000025CC6C16680>)
Traceback (most recent call last):
  File "C:\Users\USER\PycharmProjects\pythonProject4_NewsPaper\venv\Lib\site-packages\django\template\base.py", line 510, in parse
    compile_func = self.tags[command]
                   ~~~~~~~~~^^^^^^^^^
KeyError: 'else'

During handling of the above exception, another exception occurred:

Traceback (most recent call last):
  File "C:\Users\USER\PycharmProjects\pythonProject4_NewsPaper\venv\Lib\site-packages\django\core\handlers\exception.py", line 55, in inner
    response = get_response(request)
  File "C:\Users\USER\PycharmProjects\pythonProject4_NewsPaper\venv\Lib\site-packages\django\core\handlers\base.py", line 220, in _get_response
    response = response.render()
  File "C:\Users\USER\PycharmProjects\pythonProject4_NewsPaper\venv\Lib\site-packages\django\template\response.py", line 114, in render
    self.content = self.rendered_content
                   ^^^^^^^^^^^^^^^^^^^^^
  File "C:\Users\USER\PycharmProjects\pythonProject4_NewsPaper\venv\Lib\site-packages\django\template\response.py", line 90, in rendered_content
    template = self.resolve_template(self.template_name)
  File "C:\Users\USER\PycharmProjects\pythonProject4_NewsPaper\venv\Lib\site-packages\django\template\response.py", line 72, in resolve_template
    return select_template(template, using=self.using)
  File "C:\Users\USER\PycharmProjects\pythonProject4_NewsPaper\venv\Lib\site-packages\django\template\loader.py", line 42, in select_template
    return engine.get_template(template_name)
           ~~~~~~~~~~~~~~~~~~~^^^^^^^^^^^^^^^
  File "C:\Users\USER\PycharmProjects\pythonProject4_NewsPaper\venv\Lib\site-packages\django\template\backends\django.py", line 79, in get_template
    return Template(self.engine.get_template(template_name), self)
                    ~~~~~~~~~~~~~~~~~~~~~~~~^^^^^^^^^^^^^^^
  File "C:\Users\USER\PycharmProjects\pythonProject4_NewsPaper\venv\Lib\site-packages\django\template\engine.py", line 177, in get_template
    template, origin = self.find_template(template_name)
                       ~~~~~~~~~~~~~~~~~~^^^^^^^^^^^^^^^
  File "C:\Users\USER\PycharmProjects\pythonProject4_NewsPaper\venv\Lib\site-packages\django\template\engine.py", line 159, in find_template
    template = loader.get_template(name, skip=skip)
  File "C:\Users\USER\PycharmProjects\pythonProject4_NewsPaper\venv\Lib\site-packages\django\template\loaders\cached.py", line 57, in get_template
    template = super().get_template(template_name, skip)
  File "C:\Users\USER\PycharmProjects\pythonProject4_NewsPaper\venv\Lib\site-packages\django\template\loaders\base.py", line 28, in get_template
    return Template(
        contents,
    ...<2 lines>...
        self.engine,
    )
  File "C:\Users\USER\PycharmProjects\pythonProject4_NewsPaper\venv\Lib\site-packages\django\template\base.py", line 154, in __init__
    self.nodelist = self.compile_nodelist()
                    ~~~~~~~~~~~~~~~~~~~~~^^
  File "C:\Users\USER\PycharmProjects\pythonProject4_NewsPaper\venv\Lib\site-packages\django\template\base.py", line 196, in compile_nodelist
    nodelist = parser.parse()
  File "C:\Users\USER\PycharmProjects\pythonProject4_NewsPaper\venv\Lib\site-packages\django\template\base.py", line 518, in parse
    raise self.error(token, e)
  File "C:\Users\USER\PycharmProjects\pythonProject4_NewsPaper\venv\Lib\site-packages\django\template\base.py", line 516, in parse
    compiled_result = compile_func(self, token)
  File "C:\Users\USER\PycharmProjects\pythonProject4_NewsPaper\venv\Lib\site-packages\django\template\loader_tags.py", line 299, in do_extends
    nodelist = parser.parse()
  File "C:\Users\USER\PycharmProjects\pythonProject4_NewsPaper\venv\Lib\site-packages\django\template\base.py", line 518, in parse
    raise self.error(token, e)
  File "C:\Users\USER\PycharmProjects\pythonProject4_NewsPaper\venv\Lib\site-packages\django\template\base.py", line 516, in parse
    compiled_result = compile_func(self, token)
  File "C:\Users\USER\PycharmProjects\pythonProject4_NewsPaper\venv\Lib\site-packages\django\template\loader_tags.py", line 234, in do_block
    nodelist = parser.parse(("endblock",))
  File "C:\Users\USER\PycharmProjects\pythonProject4_NewsPaper\venv\Lib\site-packages\django\template\base.py", line 518, in parse
    raise self.error(token, e)
  File "C:\Users\USER\PycharmProjects\pythonProject4_NewsPaper\venv\Lib\site-packages\django\template\base.py", line 516, in parse
    compiled_result = compile_func(self, token)
  File "C:\Users\USER\PycharmProjects\pythonProject4_NewsPaper\venv\Lib\site-packages\django\template\defaulttags.py", line 962, in do_if
    nodelist = parser.parse(("elif", "else", "endif"))
  File "C:\Users\USER\PycharmProjects\pythonProject4_NewsPaper\venv\Lib\site-packages\django\template\base.py", line 518, in parse
    raise self.error(token, e)
  File "C:\Users\USER\PycharmProjects\pythonProject4_NewsPaper\venv\Lib\site-packages\django\template\base.py", line 516, in parse
    compiled_result = compile_func(self, token)
  File "C:\Users\USER\PycharmProjects\pythonProject4_NewsPaper\venv\Lib\site-packages\django\template\defaulttags.py", line 862, in do_for
    nodelist_loop = parser.parse(
        (
    ...<2 lines>...
        )
    )
  File "C:\Users\USER\PycharmProjects\pythonProject4_NewsPaper\venv\Lib\site-packages\django\template\base.py", line 512, in parse
    self.invalid_block_tag(token, command, parse_until)
    ~~~~~~~~~~~~~~~~~~~~~~^^^^^^^^^^^^^^^^^^^^^^^^^^^^^
  File "C:\Users\USER\PycharmProjects\pythonProject4_NewsPaper\venv\Lib\site-packages\django\template\base.py", line 567, in invalid_block_tag
    raise self.error(
    ...<8 lines>...
    )
django.template.exceptions.TemplateSyntaxError: Invalid block tag on line 73: 'else', expected 'empty' or 'endfor'. Did you forget to register or load this tag?
2026-03-18 14:37:21 [ERROR] C:\Users\USER\PycharmProjects\pythonProject4_NewsPaper\venv\Lib\site-packages\django\core\servers\basehttp.py:213
"GET / HTTP/1.1" 500 145
None
